<?xml version="1.0" encoding="UTF-8"?>
<!-- Generated by org.testng.reporters.JUnitReportReporter -->
<testsuite hostname="DESKTOP-3KO1D1G" failures="0" tests="1" name="testcases.LogOutTest" time="1.994" errors="0" timestamp="2022-01-01T12:40:53 IST" skipped="0">
  <testcase classname="testcases.LogOutTest" name="LogOut" time="1.994"/>
  <system-out/>
</testsuite> <!-- testcases.LogOutTest -->
