<?xml version="1.0" encoding="UTF-8"?>
<!-- Generated by org.testng.reporters.JUnitReportReporter -->
<testsuite hostname="DESKTOP-3KO1D1G" failures="0" tests="1" name="testcases.AdminTest" time="12.791" errors="0" timestamp="2022-01-01T12:40:53 IST" skipped="0">
  <testcase classname="testcases.AdminTest" name="checkboxcheck" time="12.791"/>
  <system-out/>
</testsuite> <!-- testcases.AdminTest -->
