<?xml version="1.0" encoding="UTF-8"?>
<!-- Generated by org.testng.reporters.JUnitReportReporter -->
<testsuite hostname="DESKTOP-3KO1D1G" failures="0" tests="4" name="Test_Java.Login_Test" time="10.949" errors="0" timestamp="2021-12-21T15:31:40 IST" skipped="0">
  <testcase classname="Test_Java.Login_Test" name="verifyLoginPageUrl" time="0.067"/>
  <system-out/>
  <testcase classname="Test_Java.Login_Test" name="verifyLoginBtnIsClickable" time="0.502"/>
  <system-out/>
  <testcase classname="Test_Java.Login_Test" name="verifyLoginWithCorrectCred" time="10.294"/>
  <system-out>
    <![CDATA[login with correct cred]]>
  </system-out>
  <testcase classname="Test_Java.Login_Test" name="verifyTitleOfLoginPage" time="0.086"/>
  <system-out/>
</testsuite> <!-- Test_Java.Login_Test -->
